<?xml version="1.0" encoding="UTF-8"?>
<!-- Generated by org.testng.reporters.JUnitXMLReporter -->
<testsuite ignored="0" hostname="L-INE-FZR4PL3" failures="0" tests="3" name="Test" time="27.495" errors="0" timestamp="2023-09-07T19:21:43 IST">
  <testcase classname="com.selenium.JenkinsTrainingSeleProject1.Practice" name="f" time="7.737"/>
  <testcase classname="com.selenium.JenkinsTrainingSeleProject1.Assesment2_QUe2_sele" name="f" time="13.63"/>
  <testcase classname="com.selenium.JenkinsTrainingSeleProject1.Assesment2_QUe2_sele" name="logout" time="6.088"/>
</testsuite> <!-- Test -->
