<?xml version="1.0" encoding="UTF-8"?>
<!-- Generated by org.testng.reporters.JUnitXMLReporter -->
<testsuite ignored="0" hostname="L-INE-FZR4PL3" failures="0" tests="2" name="Default test" time="16.089" errors="0" timestamp="2023-09-07T19:19:40 IST">
  <testcase classname="com.selenium.JenkinsTrainingSeleProject1.Assesment2_QUe2_sele" name="f" time="10.699"/>
  <testcase classname="com.selenium.JenkinsTrainingSeleProject1.Assesment2_QUe2_sele" name="logout" time="5.342"/>
</testsuite> <!-- Default test -->
