<?xml version="1.0" encoding="UTF-8"?>
<testng-results ignored="0" total="1" passed="1" failed="0" skipped="0">
  <reporter-output>
  </reporter-output>
  <suite started-at="2023-09-07T16:04:51 IST" name="Default suite" finished-at="2023-09-07T16:04:57 IST" duration-ms="5786">
    <groups>
    </groups>
    <test started-at="2023-09-07T16:04:51 IST" name="Default test" finished-at="2023-09-07T16:04:57 IST" duration-ms="5786">
      <class name="com.selenium.JenkinsTrainingSeleProject1.Practice">
        <test-method signature="f()[pri:0, instance:com.selenium.JenkinsTrainingSeleProject1.Practice@53fe15ff]" started-at="2023-09-07T16:04:51 IST" name="f" finished-at="2023-09-07T16:04:57 IST" duration-ms="5737" status="PASS">
          <reporter-output>
          </reporter-output>
        </test-method> <!-- f -->
      </class> <!-- com.selenium.JenkinsTrainingSeleProject1.Practice -->
    </test> <!-- Default test -->
  </suite> <!-- Default suite -->
</testng-results>
