<?xml version="1.0" encoding="UTF-8"?>
<testng-results ignored="0" total="1" passed="1" failed="0" skipped="0">
  <reporter-output>
  </reporter-output>
  <suite started-at="2023-09-05T17:24:02 IST" name="Default suite" finished-at="2023-09-05T17:24:06 IST" duration-ms="4677">
    <groups>
    </groups>
    <test started-at="2023-09-05T17:24:02 IST" name="Default test" finished-at="2023-09-05T17:24:06 IST" duration-ms="4677">
      <class name="com.selenium.JenkinsTrainingSeleProject1.first">
        <test-method signature="f()[pri:0, instance:com.selenium.JenkinsTrainingSeleProject1.first@78e4deb0]" started-at="2023-09-05T17:24:02 IST" name="f" finished-at="2023-09-05T17:24:06 IST" duration-ms="4632" status="PASS">
          <reporter-output>
          </reporter-output>
        </test-method> <!-- f -->
      </class> <!-- com.selenium.JenkinsTrainingSeleProject1.first -->
    </test> <!-- Default test -->
  </suite> <!-- Default suite -->
</testng-results>
